1749682757.252285 client started (20413): version 3.0a, socket /tmp/tmux-0/default, protocol 8
1749682757.252330 on Linux 6.6.87.1-microsoft-standard-WSL2 #1 SMP PREEMPT_DYNAMIC Mon Apr 21 17:08:54 UTC 2025; libevent 2.1.11-stable (poll)
1749682757.252354 socket is /tmp/tmux-0/default
1749682757.252372 trying connect
1749682757.252551 add peer 0x5f73b2582db0: 6 ((nil))
1749682757.252659 sending message 100 to peer 0x5f73b2582db0 (4 bytes)
1749682757.252668 sending message 101 to peer 0x5f73b2582db0 (7 bytes)
1749682757.252674 sending message 102 to peer 0x5f73b2582db0 (12 bytes)
1749682757.252679 sending message 108 to peer 0x5f73b2582db0 (17 bytes)
1749682757.252685 sending message 104 to peer 0x5f73b2582db0 (0 bytes)
1749682757.252691 sending message 107 to peer 0x5f73b2582db0 (4 bytes)
1749682757.252696 sending message 105 to peer 0x5f73b2582db0 (16 bytes)
1749682757.252701 sending message 105 to peer 0x5f73b2582db0 (20 bytes)
1749682757.252706 sending message 105 to peer 0x5f73b2582db0 (163 bytes)
1749682757.252711 sending message 105 to peer 0x5f73b2582db0 (24 bytes)
1749682757.252716 sending message 105 to peer 0x5f73b2582db0 (29 bytes)
1749682757.252722 sending message 105 to peer 0x5f73b2582db0 (37 bytes)
1749682757.252727 sending message 105 to peer 0x5f73b2582db0 (29 bytes)
1749682757.252732 sending message 105 to peer 0x5f73b2582db0 (31 bytes)
1749682757.252737 sending message 105 to peer 0x5f73b2582db0 (33 bytes)
1749682757.252742 sending message 105 to peer 0x5f73b2582db0 (161 bytes)
1749682757.252747 sending message 105 to peer 0x5f73b2582db0 (11 bytes)
1749682757.252752 sending message 105 to peer 0x5f73b2582db0 (21 bytes)
1749682757.252756 sending message 105 to peer 0x5f73b2582db0 (76 bytes)
1749682757.252761 sending message 105 to peer 0x5f73b2582db0 (13 bytes)
1749682757.252766 sending message 105 to peer 0x5f73b2582db0 (28 bytes)
1749682757.252771 sending message 105 to peer 0x5f73b2582db0 (45 bytes)
1749682757.252776 sending message 105 to peer 0x5f73b2582db0 (35 bytes)
1749682757.252781 sending message 105 to peer 0x5f73b2582db0 (35 bytes)
1749682757.252786 sending message 105 to peer 0x5f73b2582db0 (111 bytes)
1749682757.252791 sending message 105 to peer 0x5f73b2582db0 (95 bytes)
1749682757.252796 sending message 105 to peer 0x5f73b2582db0 (23 bytes)
1749682757.252801 sending message 105 to peer 0x5f73b2582db0 (11 bytes)
1749682757.252806 sending message 105 to peer 0x5f73b2582db0 (13 bytes)
1749682757.252810 sending message 105 to peer 0x5f73b2582db0 (32 bytes)
1749682757.252816 sending message 105 to peer 0x5f73b2582db0 (1506 bytes)
1749682757.252827 sending message 105 to peer 0x5f73b2582db0 (26 bytes)
1749682757.252832 sending message 105 to peer 0x5f73b2582db0 (35 bytes)
1749682757.252837 sending message 105 to peer 0x5f73b2582db0 (109 bytes)
1749682757.252842 sending message 105 to peer 0x5f73b2582db0 (31 bytes)
1749682757.252847 sending message 105 to peer 0x5f73b2582db0 (34 bytes)
1749682757.252852 sending message 105 to peer 0x5f73b2582db0 (37 bytes)
1749682757.252857 sending message 105 to peer 0x5f73b2582db0 (12 bytes)
1749682757.252862 sending message 105 to peer 0x5f73b2582db0 (207 bytes)
1749682757.252867 sending message 105 to peer 0x5f73b2582db0 (32 bytes)
1749682757.252872 sending message 105 to peer 0x5f73b2582db0 (10 bytes)
1749682757.252877 sending message 105 to peer 0x5f73b2582db0 (13 bytes)
1749682757.252882 sending message 105 to peer 0x5f73b2582db0 (71 bytes)
1749682757.252887 sending message 105 to peer 0x5f73b2582db0 (14 bytes)
1749682757.252891 sending message 105 to peer 0x5f73b2582db0 (11 bytes)
1749682757.252896 sending message 105 to peer 0x5f73b2582db0 (8 bytes)
1749682757.252901 sending message 105 to peer 0x5f73b2582db0 (45 bytes)
1749682757.252906 sending message 105 to peer 0x5f73b2582db0 (38 bytes)
1749682757.252911 sending message 105 to peer 0x5f73b2582db0 (62 bytes)
1749682757.252916 sending message 105 to peer 0x5f73b2582db0 (28 bytes)
1749682757.252920 sending message 105 to peer 0x5f73b2582db0 (34 bytes)
1749682757.252925 sending message 105 to peer 0x5f73b2582db0 (126 bytes)
1749682757.252940 sending message 105 to peer 0x5f73b2582db0 (65 bytes)
1749682757.252946 sending message 105 to peer 0x5f73b2582db0 (4516 bytes)
1749682757.252966 sending message 105 to peer 0x5f73b2582db0 (16 bytes)
1749682757.252972 sending message 105 to peer 0x5f73b2582db0 (2501 bytes)
1749682757.252977 sending message 105 to peer 0x5f73b2582db0 (32 bytes)
1749682757.252982 sending message 105 to peer 0x5f73b2582db0 (49 bytes)
1749682757.252987 sending message 105 to peer 0x5f73b2582db0 (32 bytes)
1749682757.252992 sending message 105 to peer 0x5f73b2582db0 (40 bytes)
1749682757.252997 sending message 105 to peer 0x5f73b2582db0 (29 bytes)
1749682757.253002 sending message 105 to peer 0x5f73b2582db0 (20 bytes)
1749682757.253007 sending message 105 to peer 0x5f73b2582db0 (95 bytes)
1749682757.253011 sending message 105 to peer 0x5f73b2582db0 (16 bytes)
1749682757.253016 sending message 106 to peer 0x5f73b2582db0 (0 bytes)
1749682757.253022 sending message 200 to peer 0x5f73b2582db0 (4 bytes)
1749682757.253027 client loop enter
1749682757.253977 peer 0x5f73b2582db0 message 211
1749682757.254022 client_write: sessions should be nested with care, unset $TMUX to force\n
1749682757.254065 peer 0x5f73b2582db0 message 203
1749682757.254075 client loop exit
