1749682773.496428 client started (20641): version 3.0a, socket /tmp/tmux-0/default, protocol 8
1749682773.496465 on Linux 6.6.87.1-microsoft-standard-WSL2 #1 SMP PREEMPT_DYNAMIC Mon Apr 21 17:08:54 UTC 2025; libevent 2.1.11-stable (poll)
1749682773.496487 socket is /tmp/tmux-0/default
1749682773.496503 trying connect
1749682773.496619 add peer 0x63667cbfb580: 6 ((nil))
1749682773.496742 sending message 100 to peer 0x63667cbfb580 (4 bytes)
1749682773.496754 sending message 101 to peer 0x63667cbfb580 (15 bytes)
1749682773.496763 sending message 102 to peer 0x63667cbfb580 (12 bytes)
1749682773.496769 sending message 108 to peer 0x63667cbfb580 (17 bytes)
1749682773.496778 sending message 104 to peer 0x63667cbfb580 (0 bytes)
1749682773.496785 sending message 107 to peer 0x63667cbfb580 (4 bytes)
1749682773.496792 sending message 105 to peer 0x63667cbfb580 (16 bytes)
1749682773.496799 sending message 105 to peer 0x63667cbfb580 (20 bytes)
1749682773.496806 sending message 105 to peer 0x63667cbfb580 (163 bytes)
1749682773.496813 sending message 105 to peer 0x63667cbfb580 (24 bytes)
1749682773.496821 sending message 105 to peer 0x63667cbfb580 (29 bytes)
1749682773.496829 sending message 105 to peer 0x63667cbfb580 (37 bytes)
1749682773.496838 sending message 105 to peer 0x63667cbfb580 (29 bytes)
1749682773.496864 sending message 105 to peer 0x63667cbfb580 (33 bytes)
1749682773.496871 sending message 105 to peer 0x63667cbfb580 (97 bytes)
1749682773.496876 sending message 105 to peer 0x63667cbfb580 (11 bytes)
1749682773.496881 sending message 105 to peer 0x63667cbfb580 (21 bytes)
1749682773.496886 sending message 105 to peer 0x63667cbfb580 (76 bytes)
1749682773.496891 sending message 105 to peer 0x63667cbfb580 (13 bytes)
1749682773.496896 sending message 105 to peer 0x63667cbfb580 (28 bytes)
1749682773.496901 sending message 105 to peer 0x63667cbfb580 (45 bytes)
1749682773.496906 sending message 105 to peer 0x63667cbfb580 (35 bytes)
1749682773.496911 sending message 105 to peer 0x63667cbfb580 (35 bytes)
1749682773.496916 sending message 105 to peer 0x63667cbfb580 (111 bytes)
1749682773.496921 sending message 105 to peer 0x63667cbfb580 (95 bytes)
1749682773.496926 sending message 105 to peer 0x63667cbfb580 (23 bytes)
1749682773.496931 sending message 105 to peer 0x63667cbfb580 (11 bytes)
1749682773.496935 sending message 105 to peer 0x63667cbfb580 (13 bytes)
1749682773.496940 sending message 105 to peer 0x63667cbfb580 (32 bytes)
1749682773.496945 sending message 105 to peer 0x63667cbfb580 (1506 bytes)
1749682773.496958 sending message 105 to peer 0x63667cbfb580 (26 bytes)
1749682773.496963 sending message 105 to peer 0x63667cbfb580 (35 bytes)
1749682773.496968 sending message 105 to peer 0x63667cbfb580 (109 bytes)
1749682773.496973 sending message 105 to peer 0x63667cbfb580 (31 bytes)
1749682773.496978 sending message 105 to peer 0x63667cbfb580 (34 bytes)
1749682773.496983 sending message 105 to peer 0x63667cbfb580 (37 bytes)
1749682773.496988 sending message 105 to peer 0x63667cbfb580 (20 bytes)
1749682773.496993 sending message 105 to peer 0x63667cbfb580 (32 bytes)
1749682773.496998 sending message 105 to peer 0x63667cbfb580 (10 bytes)
1749682773.497003 sending message 105 to peer 0x63667cbfb580 (71 bytes)
1749682773.497008 sending message 105 to peer 0x63667cbfb580 (14 bytes)
1749682773.497013 sending message 105 to peer 0x63667cbfb580 (11 bytes)
1749682773.497017 sending message 105 to peer 0x63667cbfb580 (8 bytes)
1749682773.497022 sending message 105 to peer 0x63667cbfb580 (45 bytes)
1749682773.497027 sending message 105 to peer 0x63667cbfb580 (38 bytes)
1749682773.497032 sending message 105 to peer 0x63667cbfb580 (113 bytes)
1749682773.497037 sending message 105 to peer 0x63667cbfb580 (28 bytes)
1749682773.497042 sending message 105 to peer 0x63667cbfb580 (34 bytes)
1749682773.497047 sending message 105 to peer 0x63667cbfb580 (126 bytes)
1749682773.497052 sending message 105 to peer 0x63667cbfb580 (65 bytes)
1749682773.497057 sending message 105 to peer 0x63667cbfb580 (6764 bytes)
1749682773.497082 sending message 105 to peer 0x63667cbfb580 (16 bytes)
1749682773.497097 sending message 105 to peer 0x63667cbfb580 (32 bytes)
1749682773.497102 sending message 105 to peer 0x63667cbfb580 (47 bytes)
1749682773.497107 sending message 105 to peer 0x63667cbfb580 (40 bytes)
1749682773.497112 sending message 105 to peer 0x63667cbfb580 (20 bytes)
1749682773.497117 sending message 105 to peer 0x63667cbfb580 (95 bytes)
1749682773.497122 sending message 105 to peer 0x63667cbfb580 (16 bytes)
1749682773.497127 sending message 106 to peer 0x63667cbfb580 (0 bytes)
1749682773.497132 sending message 200 to peer 0x63667cbfb580 (4 bytes)
1749682773.497137 client loop enter
1749682773.501037 peer 0x63667cbfb580 message 207
1749682773.501103 sending message 208 to peer 0x63667cbfb580 (0 bytes)
1749682777.960014 sending message 205 to peer 0x63667cbfb580 (0 bytes)
1749682777.961177 peer 0x63667cbfb580 message 204
1749682777.961234 client loop exit
